/home/mms/workspace_qmlsec/qml_cysec/qml/adversarial_pennylane_advanced/fake_sim/venv/lib/python3.13/site-packages/pennylane/devices/device_api.py:201: PennyLaneDeprecationWarning: Setting shots on device is deprecated. Please use the `set_shots` transform on the respective QNode instead.
  warnings.warn(
Loading local dataset from datasets/plus-minus/plus-minus.h5
Saved image to pictures_nonlinear/initial_data_visualization.png
Using device: cpu
Starting training loop with Non-Linear Feature Mapping (tanh) (4 qubits, 16 layers)...
--- Starting QML Model Training ---
Epoch 0/4 | Approx Cost (train): 1.3803682 | Cost (val): 1.3867025 | Approx Acc train: 0.3600000 | Acc val: 0.2400000
Epoch 1/4 | Approx Cost (train): 1.2624844 | Cost (val): 1.2945901 | Approx Acc train: 0.8800000 | Acc val: 0.8200000
Epoch 2/4 | Approx Cost (train): 1.2003437 | Cost (val): 1.2088858 | Approx Acc train: 0.8600000 | Acc val: 0.9600000
Epoch 3/4 | Approx Cost (train): 1.1451471 | Cost (val): 1.1370729 | Approx Acc train: 0.9600000 | Acc val: 0.9200000
Epoch 4/4 | Approx Cost (train): 1.1122786 | Cost (val): 1.0943894 | Approx Acc train: 0.9400000 | Acc val: 0.9400000
--- QML Model Training took 90708.49 seconds ---
Saved image to pictures_nonlinear/benign_data_evaluation.png
--- Starting Benign Evaluation ---
Acc val: 0.9400000
--- Benign Evaluation took 14.93 seconds ---
Saved confusion matrix to pictures_nonlinear/confusion_matrix_benign.png
--- Starting PGD Attack Generation (Vis Samples) ---
--- PGD Attack Generation (Vis Samples) took 4303.43 seconds ---
Saved image to pictures_nonlinear/adversarial_attack_evaluation.png
--- Starting Adversarial Evaluation (Full Test Set) ---
--- Adversarial Evaluation (Full Test Set) took 57049.17 seconds ---
Acc val: 0.1400000
Saved confusion matrix to pictures_nonlinear/confusion_matrix_adversarial.png
--- Starting Adversarial Retraining ---
Epoch 0/2 | Approx Cost (train): 1.0993609 | Cost (val): 1.0902349 | Approx Acc train: 0.9600000 | Acc val: 0.9600000
Epoch 1/2 | Approx Cost (train): 1.0641776 | Cost (val): 1.0614644 | Approx Acc train: 0.9800000 | Acc val: 0.9800000
Epoch 2/2 | Approx Cost (train): 1.0387613 | Cost (val): 1.0515841 | Approx Acc train: 0.9800000 | Acc val: 0.9800000
--- Adversarial Retraining took 47194.43 seconds ---
Saved image to pictures_nonlinear/robustness_evaluation_after_retraining.png
Acc val: 0.2400000
Saved confusion matrix to pictures_nonlinear/confusion_matrix_robust_model.png

✅ Total execution time: 221494.78 seconds
