/home/mms/workspace_qmlsec/qml_cysec/qml/adversarial_pennylane_advanced/fake_sim/venv/lib/python3.13/site-packages/pennylane/devices/device_api.py:201: PennyLaneDeprecationWarning: Setting shots on device is deprecated. Please use the `set_shots` transform on the respective QNode instead.
  warnings.warn(
Saved image to pictures/initial_data_visualization.png
Using device: cpu
Starting training loop for quantum variational classifier (4 qubits, 16 layers)...
--- Starting QML Model Training ---
Epoch 0/4 | Approx Cost (train): 1.3808589 | Cost (val): 1.3879994 | Approx Acc train: 0.3200000 | Acc val: 0.1800000
Epoch 1/4 | Approx Cost (train): 1.3249189 | Cost (val): 1.3190811 | Approx Acc train: 0.5000000 | Acc val: 0.4000000
Epoch 2/4 | Approx Cost (train): 1.1851494 | Cost (val): 1.1852655 | Approx Acc train: 0.9400000 | Acc val: 0.9200000
Epoch 3/4 | Approx Cost (train): 1.1341330 | Cost (val): 1.1262851 | Approx Acc train: 0.9200000 | Acc val: 0.9200000
Epoch 4/4 | Approx Cost (train): 1.0949314 | Cost (val): 1.1021942 | Approx Acc train: 0.9400000 | Acc val: 0.9400000
--- QML Model Training took 32833.45 seconds ---
Saved image to pictures/benign_data_evaluation.png
--- Starting Benign Evaluation ---
Acc val: 0.9200000
--- Benign Evaluation took 5.38 seconds ---
Saved confusion matrix to pictures/confusion_matrix_benign.png
--- Starting PGD Attack Generation (Vis Samples) ---
--- PGD Attack Generation (Vis Samples) took 1671.11 seconds ---
Saved image to pictures/adversarial_attack_evaluation.png
--- Starting Adversarial Evaluation (Full Test Set) ---
--- Adversarial Evaluation (Full Test Set) took 20969.67 seconds ---
Acc val: 0.2600000
Saved confusion matrix to pictures/confusion_matrix_adversarial.png
--- Starting Adversarial Retraining ---
Epoch 0/2 | Approx Cost (train): 1.0984204 | Cost (val): 1.0953763 | Approx Acc train: 0.9000000 | Acc val: 0.9600000
Epoch 1/2 | Approx Cost (train): 1.0921122 | Cost (val): 1.0669521 | Approx Acc train: 0.9400000 | Acc val: 0.9600000
Epoch 2/2 | Approx Cost (train): 1.0540491 | Cost (val): 1.0395360 | Approx Acc train: 0.9800000 | Acc val: 1.0000000
--- Adversarial Retraining took 16867.26 seconds ---
Saved image to pictures/robustness_evaluation_after_retraining.png
Acc val: 0.5200000
Saved confusion matrix to pictures/confusion_matrix_robust_model.png

✅ Total execution time: 80711.00 seconds
