/home/mms/workspace_qmlsec/qml_cysec/qml/adversarial_pennylane_advanced/fake_sim/venv/lib/python3.13/site-packages/pennylane/devices/device_api.py:201: PennyLaneDeprecationWarning: Setting shots on device is deprecated. Please use the `set_shots` transform on the respective QNode instead.
  warnings.warn(
Loading local dataset from datasets/plus-minus/plus-minus.h5
Saved image to pictures/initial_data_visualization.png
Using device: cpu
Starting training loop for quantum variational classifier (4 qubits, 16 layers)...
--- Starting QML Model Training ---
Epoch 0/4 | Approx Cost (train): 1.3836690 | Cost (val): 1.3870865 | Approx Acc train: 0.2800000 | Acc val: 0.2200000
Epoch 1/4 | Approx Cost (train): 1.2789465 | Cost (val): 1.2828118 | Approx Acc train: 0.6200000 | Acc val: 0.5800000
Epoch 2/4 | Approx Cost (train): 1.1746593 | Cost (val): 1.1786571 | Approx Acc train: 0.9800000 | Acc val: 0.9400000
Epoch 3/4 | Approx Cost (train): 1.1258140 | Cost (val): 1.1113515 | Approx Acc train: 0.9200000 | Acc val: 1.0000000
Epoch 4/4 | Approx Cost (train): 1.0743265 | Cost (val): 1.0746875 | Approx Acc train: 0.9200000 | Acc val: 0.9400000
--- QML Model Training took 88783.47 seconds ---
Saved image to pictures/benign_data_evaluation.png
--- Starting Benign Evaluation ---
Acc val: 0.9600000
--- Benign Evaluation took 14.95 seconds ---
Saved confusion matrix to pictures/confusion_matrix_benign.png
--- Starting PGD Attack Generation (Vis Samples) ---
--- PGD Attack Generation (Vis Samples) took 4527.62 seconds ---
Saved image to pictures/adversarial_attack_evaluation.png
--- Starting Adversarial Evaluation (Full Test Set) ---
--- Adversarial Evaluation (Full Test Set) took 58036.22 seconds ---
Acc val: 0.4000000
Saved confusion matrix to pictures/confusion_matrix_adversarial.png
--- Starting Adversarial Retraining ---
Epoch 0/2 | Approx Cost (train): 1.0793059 | Cost (val): 1.0685691 | Approx Acc train: 0.9200000 | Acc val: 0.9400000
Epoch 1/2 | Approx Cost (train): 1.0341315 | Cost (val): 1.0408994 | Approx Acc train: 0.9600000 | Acc val: 0.9000000
Epoch 2/2 | Approx Cost (train): 0.9972869 | Cost (val): 1.0251536 | Approx Acc train: 0.9800000 | Acc val: 0.9200000
--- Adversarial Retraining took 46469.26 seconds ---
Saved image to pictures/robustness_evaluation_after_retraining.png
Acc val: 0.4400000
Saved confusion matrix to pictures/confusion_matrix_robust_model.png

✅ Total execution time: 220705.30 seconds
